[debug] [2022-05-30T11:06:11.863Z] ----------------------------------------------------------------------
[debug] [2022-05-30T11:06:11.864Z] Command:       /usr/local/bin/node /Users/iyamadaisuke/.npm_global/bin/firebase init
[debug] [2022-05-30T11:06:11.865Z] CLI Version:   11.0.1
[debug] [2022-05-30T11:06:11.865Z] Platform:      darwin
[debug] [2022-05-30T11:06:11.865Z] Node Version:  v16.15.0
[debug] [2022-05-30T11:06:11.866Z] Time:          Mon May 30 2022 20:06:11 GMT+0900 (日本標準時)
[debug] [2022-05-30T11:06:11.866Z] ----------------------------------------------------------------------
[debug] 
[debug] [2022-05-30T11:06:11.873Z] > command requires scopes: ["email","openid","https://www.googleapis.com/auth/cloudplatformprojects.readonly","https://www.googleapis.com/auth/firebase","https://www.googleapis.com/auth/cloud-platform"]
[debug] [2022-05-30T11:06:11.873Z] > authorizing via signed-in user (dai102109teni@gmail.com)
[info] 
     ######## #### ########  ######## ########     ###     ######  ########
     ##        ##  ##     ## ##       ##     ##  ##   ##  ##       ##
     ######    ##  ########  ######   ########  #########  ######  ######
     ##        ##  ##    ##  ##       ##     ## ##     ##       ## ##
     ##       #### ##     ## ######## ########  ##     ##  ######  ########

You're about to initialize a Firebase project in this directory:

  /Users/iyamadaisuke/Documents/GitHub/TsaiLabDaiary

[info] 
=== Project Setup
[info] 
[info] First, let's associate this project directory with a Firebase project.
[info] You can create multiple project aliases by running firebase use --add, 
[info] but for now we'll just set up a default project.
[info] 
[debug] [2022-05-30T11:09:01.193Z] >>> [apiv2][query] GET https://firebase.googleapis.com/v1beta1/projects pageSize=100
[debug] [2022-05-30T11:09:01.820Z] <<< [apiv2][status] GET https://firebase.googleapis.com/v1beta1/projects 200
[debug] [2022-05-30T11:09:01.820Z] <<< [apiv2][body] GET https://firebase.googleapis.com/v1beta1/projects [omitted]
[info] i  Using project tsailabdiary (TsaiLabDiary) 
[info] 
=== Hosting Setup
[info] 
[info] Your public directory is the folder (relative to your project directory) that
[info] will contain Hosting assets to be uploaded with firebase deploy. If you
[info] have a build process for your assets, use your build's output directory.
[info] 
[debug] [2022-05-30T11:10:53.310Z] >>> [apiv2][query] GET https://www.gstatic.com/firebasejs/releases.json [none]
[debug] [2022-05-30T11:10:53.372Z] <<< [apiv2][status] GET https://www.gstatic.com/firebasejs/releases.json 200
[debug] [2022-05-30T11:10:53.373Z] <<< [apiv2][body] GET https://www.gstatic.com/firebasejs/releases.json {"current":{"version":"9.8.2","browserURL":"https://www.gstatic.com/firebasejs/9.8.2/firebase.js","packageURL":"https://www.gstatic.com/firebasejs/9.8.2/firebase.tgz"},"live":{"version":"9.8","browserURL":"https://www.gstatic.com/firebasejs/live/9.8/firebase.js","packageURL":"https://www.gstatic.com/firebasejs/live/9.8/firebase.tgz"},"components":{"analytics":"https://www.gstatic.com/firebasejs/9.8.2/firebase-analytics.js","app":"https://www.gstatic.com/firebasejs/9.8.2/firebase-app.js","app-check":"https://www.gstatic.com/firebasejs/9.8.2/firebase-app-check.js","auth":"https://www.gstatic.com/firebasejs/9.8.2/firebase-auth.js","auth/cordova":"https://www.gstatic.com/firebasejs/9.8.2/firebase-auth/cordova.js","auth/react-native":"https://www.gstatic.com/firebasejs/9.8.2/firebase-auth/react-native.js","functions":"https://www.gstatic.com/firebasejs/9.8.2/firebase-functions.js","firestore":"https://www.gstatic.com/firebasejs/9.8.2/firebase-firestore.js","firestore/lite":"https://www.gstatic.com/firebasejs/9.8.2/firebase-firestore/lite.js","storage":"https://www.gstatic.com/firebasejs/9.8.2/firebase-storage.js","performance":"https://www.gstatic.com/firebasejs/9.8.2/firebase-performance.js","remote-config":"https://www.gstatic.com/firebasejs/9.8.2/firebase-remote-config.js","messaging":"https://www.gstatic.com/firebasejs/9.8.2/firebase-messaging.js","messaging/sw":"https://www.gstatic.com/firebasejs/9.8.2/firebase-messaging/sw.js","database":"https://www.gstatic.com/firebasejs/9.8.2/firebase-database.js","firestore.memory":"https://www.gstatic.com/firebasejs/9.8.2/firebase-firestore.memory.js"}}
[info] ✔  Wrote TsaiLabDiary/index.html 
[info] 
[info] i  Detected a .git folder at /Users/iyamadaisuke/Documents/GitHub/TsaiLabDaiary 
[info] i  Authorizing with GitHub to upload your service account to a GitHub repository's secrets store. 
[info] 
[info] Visit this URL on this device to log in:
[info] https://github.com/login/oauth/authorize?client_id=89cf50f02ac6aaed3484&state=394861846&redirect_uri=http%3A%2F%2Flocalhost%3A9005&scope=read%3Auser%20repo%20public_repo
[info] 
[info] Waiting for authentication...
[debug] [2022-05-30T11:12:24.264Z] >>> HTTP REQUEST POST https://github.com/login/oauth/access_token  
 {"client_id":"89cf50f02ac6aaed3484","client_secret":"3330d14abc895d9a74d5f17cd7a00711fa2c5bf0","code":"45c9f341f5d4e6b67918","redirect_uri":"http://localhost:9005","state":"394861846"}
[debug] [2022-05-30T11:12:24.580Z] <<< HTTP RESPONSE 200 {"server":"GitHub.com","date":"Mon, 30 May 2022 11:12:24 GMT","content-type":"application/json; charset=utf-8","transfer-encoding":"chunked","vary":"X-PJAX, X-PJAX-Container, Turbo-Visit, Turbo-Frame, Accept-Encoding, Accept, X-Requested-With","permissions-policy":"interest-cohort=()","etag":"W/\"7a9348cedb4c3e76ba02f8109a5f26a6\"","cache-control":"max-age=0, private, must-revalidate","strict-transport-security":"max-age=31536000; includeSubdomains; preload","x-frame-options":"deny","x-content-type-options":"nosniff","x-xss-protection":"0","referrer-policy":"origin-when-cross-origin, strict-origin-when-cross-origin","expect-ct":"max-age=2592000, report-uri=\"https://api.github.com/_private/browser/errors\"","content-security-policy":"default-src 'none'; base-uri 'self'; block-all-mixed-content; child-src github.com/assets-cdn/worker/ gist.github.com/assets-cdn/worker/; connect-src 'self' uploads.github.com objects-origin.githubusercontent.com www.githubstatus.com collector.github.com raw.githubusercontent.com api.github.com github-cloud.s3.amazonaws.com github-production-repository-file-5c1aeb.s3.amazonaws.com github-production-upload-manifest-file-7fdce7.s3.amazonaws.com github-production-user-asset-6210df.s3.amazonaws.com cdn.optimizely.com logx.optimizely.com/v1/events *.actions.githubusercontent.com wss://*.actions.githubusercontent.com online.visualstudio.com/api/v1/locations github-production-repository-image-32fea6.s3.amazonaws.com github-production-release-asset-2e65be.s3.amazonaws.com insights.github.com wss://alive.github.com; font-src github.githubassets.com; form-action 'self' github.com gist.github.com objects-origin.githubusercontent.com; frame-ancestors 'none'; frame-src render.githubusercontent.com viewscreen.githubusercontent.com notebooks.githubusercontent.com; img-src 'self' data: github.githubassets.com identicons.github.com github-cloud.s3.amazonaws.com secured-user-images.githubusercontent.com/ github-production-user-asset-6210df.s3.amazonaws.com *.githubusercontent.com; manifest-src 'self'; media-src github.com user-images.githubusercontent.com/; script-src github.githubassets.com; style-src 'unsafe-inline' github.githubassets.com; worker-src github.com/assets-cdn/worker/ gist.github.com/assets-cdn/worker/","x-github-request-id":"9C84:525D:5A5088:712884:6294A698"}
[debug] [2022-05-30T11:12:24.585Z] >>> [apiv2][query] GET https://api.github.com/user [none]
[debug] [2022-05-30T11:12:24.878Z] <<< [apiv2][status] GET https://api.github.com/user 200
[debug] [2022-05-30T11:12:24.878Z] <<< [apiv2][body] GET https://api.github.com/user {"login":"iyamarn2","id":82698912,"node_id":"MDQ6VXNlcjgyNjk4OTEy","avatar_url":"https://avatars.githubusercontent.com/u/82698912?v=4","gravatar_id":"","url":"https://api.github.com/users/iyamarn2","html_url":"https://github.com/iyamarn2","followers_url":"https://api.github.com/users/iyamarn2/followers","following_url":"https://api.github.com/users/iyamarn2/following{/other_user}","gists_url":"https://api.github.com/users/iyamarn2/gists{/gist_id}","starred_url":"https://api.github.com/users/iyamarn2/starred{/owner}{/repo}","subscriptions_url":"https://api.github.com/users/iyamarn2/subscriptions","organizations_url":"https://api.github.com/users/iyamarn2/orgs","repos_url":"https://api.github.com/users/iyamarn2/repos","events_url":"https://api.github.com/users/iyamarn2/events{/privacy}","received_events_url":"https://api.github.com/users/iyamarn2/received_events","type":"User","site_admin":false,"name":null,"company":null,"blog":"","location":null,"email":null,"hireable":null,"bio":null,"twitter_username":null,"public_repos":1,"public_gists":0,"followers":0,"following":0,"created_at":"2021-04-17T07:13:02Z","updated_at":"2022-05-30T11:11:00Z","private_gists":0,"total_private_repos":12,"owned_private_repos":12,"disk_usage":124854,"collaborators":0,"two_factor_authentication":false,"plan":{"name":"free","space":976562499,"collaborators":0,"private_repos":10000}}
[info] 
[info] ✔  Success! Logged into GitHub as iyamarn2 
[info] 
[debug] [2022-05-30T11:13:12.202Z] >>> [apiv2][query] GET https://api.github.com/repos/TsaiLabDiary/actions/secrets/public-key type=owner
[debug] [2022-05-30T11:13:12.418Z] <<< [apiv2][status] GET https://api.github.com/repos/TsaiLabDiary/actions/secrets/public-key 404
[debug] [2022-05-30T11:13:12.418Z] <<< [apiv2][body] GET https://api.github.com/repos/TsaiLabDiary/actions/secrets/public-key {"message":"Not Found","documentation_url":"https://docs.github.com/rest"}
[debug] [2022-05-30T11:13:19.828Z] >>> [apiv2][query] GET https://api.github.com/repos/user/TsaiLabDiary/actions/secrets/public-key type=owner
[debug] [2022-05-30T11:13:20.088Z] <<< [apiv2][status] GET https://api.github.com/repos/user/TsaiLabDiary/actions/secrets/public-key 404
[debug] [2022-05-30T11:13:20.088Z] <<< [apiv2][body] GET https://api.github.com/repos/user/TsaiLabDiary/actions/secrets/public-key {"message":"Not Found","documentation_url":"https://docs.github.com/rest/reference/actions#get-a-repository-public-key"}
[debug] [2022-05-30T11:13:20.718Z] >>> [apiv2][query] GET https://api.github.com/repos/user/TsaiLabDiary/actions/secrets/public-key type=owner
[debug] [2022-05-30T11:13:20.939Z] <<< [apiv2][status] GET https://api.github.com/repos/user/TsaiLabDiary/actions/secrets/public-key 404
[debug] [2022-05-30T11:13:20.939Z] <<< [apiv2][body] GET https://api.github.com/repos/user/TsaiLabDiary/actions/secrets/public-key {"message":"Not Found","documentation_url":"https://docs.github.com/rest/reference/actions#get-a-repository-public-key"}
[debug] [2022-05-30T11:13:23.172Z] >>> [apiv2][query] GET https://api.github.com/repos/user/TsaiLabDiary/actions/secrets/public-key type=owner
[debug] [2022-05-30T11:13:23.399Z] <<< [apiv2][status] GET https://api.github.com/repos/user/TsaiLabDiary/actions/secrets/public-key 404
[debug] [2022-05-30T11:13:23.399Z] <<< [apiv2][body] GET https://api.github.com/repos/user/TsaiLabDiary/actions/secrets/public-key {"message":"Not Found","documentation_url":"https://docs.github.com/rest/reference/actions#get-a-repository-public-key"}
[debug] [2022-05-30T11:13:23.958Z] >>> [apiv2][query] GET https://api.github.com/repos/user/TsaiLabDiary/actions/secrets/public-key type=owner
[debug] [2022-05-30T11:13:24.200Z] <<< [apiv2][status] GET https://api.github.com/repos/user/TsaiLabDiary/actions/secrets/public-key 404
[debug] [2022-05-30T11:13:24.201Z] <<< [apiv2][body] GET https://api.github.com/repos/user/TsaiLabDiary/actions/secrets/public-key {"message":"Not Found","documentation_url":"https://docs.github.com/rest/reference/actions#get-a-repository-public-key"}
[debug] [2022-05-30T11:13:24.352Z] >>> [apiv2][query] GET https://api.github.com/repos/user/TsaiLabDiary/actions/secrets/public-key type=owner
[debug] [2022-05-30T11:13:24.591Z] <<< [apiv2][status] GET https://api.github.com/repos/user/TsaiLabDiary/actions/secrets/public-key 404
[debug] [2022-05-30T11:13:24.591Z] <<< [apiv2][body] GET https://api.github.com/repos/user/TsaiLabDiary/actions/secrets/public-key {"message":"Not Found","documentation_url":"https://docs.github.com/rest/reference/actions#get-a-repository-public-key"}
[debug] [2022-05-30T11:13:27.349Z] >>> [apiv2][query] GET https://api.github.com/repos//user/TsaiLabDiary/actions/secrets/public-key type=owner
[debug] [2022-05-30T11:13:27.588Z] <<< [apiv2][status] GET https://api.github.com/repos//user/TsaiLabDiary/actions/secrets/public-key 404
[debug] [2022-05-30T11:13:27.588Z] <<< [apiv2][body] GET https://api.github.com/repos//user/TsaiLabDiary/actions/secrets/public-key {"message":"Not Found","documentation_url":"https://docs.github.com/rest"}
[debug] [2022-05-30T11:13:36.984Z] >>> [apiv2][query] GET https://api.github.com/repos/user/repository/TsaiLabDiary/actions/secrets/public-key type=owner
[debug] [2022-05-30T11:13:37.193Z] <<< [apiv2][status] GET https://api.github.com/repos/user/repository/TsaiLabDiary/actions/secrets/public-key 404
[debug] [2022-05-30T11:13:37.193Z] <<< [apiv2][body] GET https://api.github.com/repos/user/repository/TsaiLabDiary/actions/secrets/public-key {"message":"Not Found","documentation_url":"https://docs.github.com/rest"}
[debug] [2022-05-30T11:13:40.394Z] >>> [apiv2][query] GET https://api.github.com/repos/user/repository/actions/secrets/public-key type=owner
[debug] [2022-05-30T11:13:40.622Z] <<< [apiv2][status] GET https://api.github.com/repos/user/repository/actions/secrets/public-key 404
[debug] [2022-05-30T11:13:40.622Z] <<< [apiv2][body] GET https://api.github.com/repos/user/repository/actions/secrets/public-key {"message":"Not Found","documentation_url":"https://docs.github.com/rest/reference/actions#get-a-repository-public-key"}
[debug] [2022-05-30T11:13:46.653Z] >>> [apiv2][query] GET https://api.github.com/repos//actions/secrets/public-key type=owner
[debug] [2022-05-30T11:13:46.861Z] <<< [apiv2][status] GET https://api.github.com/repos//actions/secrets/public-key 404
[debug] [2022-05-30T11:13:46.861Z] <<< [apiv2][body] GET https://api.github.com/repos//actions/secrets/public-key {"message":"Not Found","documentation_url":"https://docs.github.com/rest"}
[debug] [2022-05-30T11:13:46.946Z] >>> [apiv2][query] GET https://api.github.com/repos//actions/secrets/public-key type=owner
[debug] [2022-05-30T11:13:47.161Z] <<< [apiv2][status] GET https://api.github.com/repos//actions/secrets/public-key 404
[debug] [2022-05-30T11:13:47.162Z] <<< [apiv2][body] GET https://api.github.com/repos//actions/secrets/public-key {"message":"Not Found","documentation_url":"https://docs.github.com/rest"}
[debug] [2022-05-30T11:13:47.516Z] >>> [apiv2][query] GET https://api.github.com/repos//actions/secrets/public-key type=owner
[debug] [2022-05-30T11:13:47.732Z] <<< [apiv2][status] GET https://api.github.com/repos//actions/secrets/public-key 404
[debug] [2022-05-30T11:13:47.733Z] <<< [apiv2][body] GET https://api.github.com/repos//actions/secrets/public-key {"message":"Not Found","documentation_url":"https://docs.github.com/rest"}
[debug] [2022-05-30T11:14:40.896Z] >>> [apiv2][query] GET https://api.github.com/repos/iyamarn2/TsaiLabDiary/actions/secrets/public-key type=owner
[debug] [2022-05-30T11:14:41.113Z] <<< [apiv2][status] GET https://api.github.com/repos/iyamarn2/TsaiLabDiary/actions/secrets/public-key 404
[debug] [2022-05-30T11:14:41.113Z] <<< [apiv2][body] GET https://api.github.com/repos/iyamarn2/TsaiLabDiary/actions/secrets/public-key {"message":"Not Found","documentation_url":"https://docs.github.com/rest/reference/actions#get-a-repository-public-key"}
